[    0.000000] Initializing cgroup subsys cpuset
[    0.000000] Initializing cgroup subsys cpu
[    0.000000] Initializing cgroup subsys cpuacct
[    0.000000] Linux version 4.4.0-164-generic (buildd@lgw01-amd64-021) (gcc version 5.4.0 20160609 (Ubuntu 5.4.0-6ubuntu1~16.04.10) ) #192-Ubuntu SMP Fri Sep 13 12:02:50 UTC 2019 (Ubuntu 4.4.0-164.192-generic 4.4.186)
[    0.000000] Command line: BOOT_IMAGE=/boot/vmlinuz-4.4.0-164-generic root=UUID=995a2cb8-7ebb-4e32-9c4a-312146cdce74 ro console=tty1 console=ttyS0
[    0.000000] KERNEL supported cpus:
[    0.000000]   Intel GenuineIntel
[    0.000000]   AMD AuthenticAMD
[    0.000000]   Centaur CentaurHauls
[    0.000000] ------------[ cut here ]------------
[    0.000000] WARNING: CPU: 0 PID: 0 at /build/linux-k_CUAe/linux-4.4.0/arch/x86/kernel/fpu/xstate.c:517 fpu__init_system_xstate+0x37e/0x764()
[    0.000000] XSAVE consistency problem, dumping leaves
[    0.000000] Modules linked in:
[    0.000000] CPU: 0 PID: 0 Comm: swapper Not tainted 4.4.0-164-generic #192-Ubuntu
[    0.000000]  0000000000000086 070a21e418117062 ffffffff81e03d70 ffffffff8140cc01
[    0.000000]  ffffffff81e03db8 ffffffff81cb36f0 ffffffff81e03da8 ffffffff810864d2
[    0.000000]  0000000000000008 0000000000000340 0000000000000100 ffffffff81e03e3c
[    0.000000] Call Trace:
[    0.000000]  [<ffffffff8140cc01>] dump_stack+0x63/0x82
[    0.000000]  [<ffffffff810864d2>] warn_slowpath_common+0x82/0xc0
[    0.000000]  [<ffffffff8108656c>] warn_slowpath_fmt+0x5c/0x80
[    0.000000]  [<ffffffff81081f94>] ? xfeature_size+0x59/0x77
[    0.000000]  [<ffffffff81f78325>] fpu__init_system_xstate+0x37e/0x764
[    0.000000]  [<ffffffff81f68120>] ? early_idt_handler_array+0x120/0x120
[    0.000000]  [<ffffffff81f77d2e>] fpu__init_system+0x1e7/0x28e
[    0.000000]  [<ffffffff81f78f9a>] early_cpu_init+0x276/0x27c
[    0.000000]  [<ffffffff81f78f9a>] ? early_cpu_init+0x276/0x27c
[    0.000000]  [<ffffffff81f742d1>] setup_arch+0xc0/0xd1f
[    0.000000]  [<ffffffff81f68120>] ? early_idt_handler_array+0x120/0x120
[    0.000000]  [<ffffffff81f68c75>] start_kernel+0xe2/0x4a4
[    0.000000]  [<ffffffff81f68120>] ? early_idt_handler_array+0x120/0x120
[    0.000000]  [<ffffffff81f68339>] x86_64_start_reservations+0x2a/0x2c
[    0.000000]  [<ffffffff81f68485>] x86_64_start_kernel+0x14a/0x16d
[    0.000000] ---[ end trace 4d5ff9f2f68c4233 ]---
[    0.000000] CPUID[0d, 00]: eax=00000007 ebx=00000440 ecx=00000440 edx=00000000
[    0.000000] CPUID[0d, 01]: eax=00000000 ebx=00000440 ecx=00000000 edx=00000000
[    0.000000] CPUID[0d, 02]: eax=00000100 ebx=00000240 ecx=00000000 edx=00000000
[    0.000000] CPUID[0d, 03]: eax=00000000 ebx=00000000 ecx=00000000 edx=00000000
[    0.000000] CPUID[0d, 04]: eax=00000000 ebx=00000000 ecx=00000000 edx=00000000
[    0.000000] CPUID[0d, 05]: eax=00000000 ebx=00000000 ecx=00000000 edx=00000000
[    0.000000] CPUID[0d, 06]: eax=00000000 ebx=00000000 ecx=00000000 edx=00000000
[    0.000000] CPUID[0d, 07]: eax=00000000 ebx=00000000 ecx=00000000 edx=00000000
[    0.000000] CPUID[0d, 08]: eax=00000000 ebx=00000000 ecx=00000000 edx=00000000
[    0.000000] CPUID[0d, 09]: eax=00000000 ebx=00000000 ecx=00000000 edx=00000000
[    0.000000] CPUID[0d, 0a]: eax=00000000 ebx=00000000 ecx=00000000 edx=00000000
[    0.000000] CPUID[0d, 0b]: eax=00000000 ebx=00000000 ecx=00000000 edx=00000000
[    0.000000] CPUID[0d, 0c]: eax=00000000 ebx=00000000 ecx=00000000 edx=00000000
[    0.000000] CPUID[0d, 0d]: eax=00000000 ebx=00000000 ecx=00000000 edx=00000000
[    0.000000] CPUID[0d, 0e]: eax=00000000 ebx=00000000 ecx=00000000 edx=00000000
[    0.000000] CPUID[0d, 0f]: eax=00000000 ebx=00000000 ecx=00000000 edx=00000000
[    0.000000] CPUID[0d, 10]: eax=00000000 ebx=00000000 ecx=00000000 edx=00000000
[    0.000000] CPUID[0d, 11]: eax=00000000 ebx=00000000 ecx=00000000 edx=00000000
[    0.000000] x86/fpu: xstate_offset[2]:  576, xstate_sizes[2]:  256
[    0.000000] x86/fpu: Supporting XSAVE feature 0x01: 'x87 floating point registers'
[    0.000000] x86/fpu: Supporting XSAVE feature 0x02: 'SSE registers'
[    0.000000] x86/fpu: Supporting XSAVE feature 0x04: 'AVX registers'
[    0.000000] x86/fpu: Enabled xstate features 0x7, context size is 1088 bytes, using 'standard' format.
[    0.000000] e820: BIOS-provided physical RAM map:
[    0.000000] BIOS-e820: [mem 0x0000000000000000-0x000000000009fbff] usable
[    0.000000] BIOS-e820: [mem 0x000000000009fc00-0x000000000009ffff] reserved
[    0.000000] BIOS-e820: [mem 0x00000000000f0000-0x00000000000fffff] reserved
[    0.000000] BIOS-e820: [mem 0x0000000000100000-0x000000003ffeffff] usable
[    0.000000] BIOS-e820: [mem 0x000000003fff0000-0x000000003fffffff] ACPI data
[    0.000000] BIOS-e820: [mem 0x00000000fec00000-0x00000000fec00fff] reserved
[    0.000000] BIOS-e820: [mem 0x00000000fee00000-0x00000000fee00fff] reserved
[    0.000000] BIOS-e820: [mem 0x00000000fffc0000-0x00000000ffffffff] reserved
[    0.000000] NX (Execute Disable) protection: active
[    0.000000] SMBIOS 2.5 present.
[    0.000000] Hypervisor detected: KVM
[    0.000000] e820: last_pfn = 0x3fff0 max_arch_pfn = 0x400000000
[    0.000000] MTRR: Disabled
[    0.000000] x86/PAT: MTRRs disabled, skipping PAT initialization too.
[    0.000000] CPU MTRRs all blank - virtualized system.
[    0.000000] x86/PAT: Configuration [0-7]: WB  WT  UC- UC  WB  WT  UC- UC  
[    0.000000] found SMP MP-table at [mem 0x0009fff0-0x0009ffff] mapped at [ffff88000009fff0]
[    0.000000] Scanning 1 areas for low memory corruption
[    0.000000] RAMDISK: [mem 0x361e2000-0x370e8fff]
[    0.000000] ACPI: Early table checksum verification disabled
[    0.000000] ACPI: RSDP 0x00000000000E0000 000024 (v02 VBOX  )
[    0.000000] ACPI: XSDT 0x000000003FFF0030 00003C (v01 VBOX   VBOXXSDT 00000001 ASL  00000061)
[    0.000000] ACPI: FACP 0x000000003FFF00F0 0000F4 (v04 VBOX   VBOXFACP 00000001 ASL  00000061)
[    0.000000] ACPI: DSDT 0x000000003FFF0470 0021C8 (v02 VBOX   VBOXBIOS 00000002 INTL 20100528)
[    0.000000] ACPI: FACS 0x000000003FFF0200 000040
[    0.000000] ACPI: FACS 0x000000003FFF0200 000040
[    0.000000] ACPI: APIC 0x000000003FFF0240 00005C (v02 VBOX   VBOXAPIC 00000001 ASL  00000061)
[    0.000000] ACPI: SSDT 0x000000003FFF02A0 0001CC (v01 VBOX   VBOXCPUT 00000002 INTL 20100528)
[    0.000000] No NUMA configuration found
[    0.000000] Faking a node at [mem 0x0000000000000000-0x000000003ffeffff]
[    0.000000] NODE_DATA(0) allocated [mem 0x3ffeb000-0x3ffeffff]
[    0.000000] kvm-clock: Using msrs 4b564d01 and 4b564d00
[    0.000000] kvm-clock: cpu 0, msr 0:3ffe3001, primary cpu clock
[    0.000000] kvm-clock: using sched offset of 3703096695 cycles
[    0.000000] clocksource: kvm-clock: mask: 0xffffffffffffffff max_cycles: 0x1cd42e4dffb, max_idle_ns: 881590591483 ns
[    0.000000] Zone ranges:
[    0.000000]   DMA      [mem 0x0000000000001000-0x0000000000ffffff]
[    0.000000]   DMA32    [mem 0x0000000001000000-0x000000003ffeffff]
[    0.000000]   Normal   empty
[    0.000000]   Device   empty
[    0.000000] Movable zone start for each node
[    0.000000] Early memory node ranges
[    0.000000]   node   0: [mem 0x0000000000001000-0x000000000009efff]
[    0.000000]   node   0: [mem 0x0000000000100000-0x000000003ffeffff]
[    0.000000] Initmem setup node 0 [mem 0x0000000000001000-0x000000003ffeffff]
[    0.000000] ACPI: PM-Timer IO Port: 0x4008
[    0.000000] IOAPIC[0]: apic_id 2, version 32, address 0xfec00000, GSI 0-23
[    0.000000] ACPI: INT_SRC_OVR (bus 0 bus_irq 0 global_irq 2 dfl dfl)
[    0.000000] ACPI: INT_SRC_OVR (bus 0 bus_irq 9 global_irq 9 high level)
[    0.000000] Using ACPI (MADT) for SMP configuration information
[    0.000000] smpboot: Allowing 2 CPUs, 0 hotplug CPUs
[    0.000000] PM: Registered nosave memory: [mem 0x00000000-0x00000fff]
[    0.000000] PM: Registered nosave memory: [mem 0x0009f000-0x0009ffff]
[    0.000000] PM: Registered nosave memory: [mem 0x000a0000-0x000effff]
[    0.000000] PM: Registered nosave memory: [mem 0x000f0000-0x000fffff]
[    0.000000] e820: [mem 0x40000000-0xfebfffff] available for PCI devices
[    0.000000] Booting paravirtualized kernel on KVM
[    0.000000] clocksource: refined-jiffies: mask: 0xffffffff max_cycles: 0xffffffff, max_idle_ns: 7645519600211568 ns
[    0.000000] setup_percpu: NR_CPUS:512 nr_cpumask_bits:512 nr_cpu_ids:2 nr_node_ids:1
[    0.000000] PERCPU: Embedded 34 pages/cpu @ffff88003fc00000 s99544 r8192 d31528 u1048576
[    0.000000] Built 1 zonelists in Node order, mobility grouping on.  Total pages: 257912
[    0.000000] Policy zone: DMA32
[    0.000000] Kernel command line: BOOT_IMAGE=/boot/vmlinuz-4.4.0-164-generic root=UUID=995a2cb8-7ebb-4e32-9c4a-312146cdce74 ro console=tty1 console=ttyS0
[    0.000000] PID hash table entries: 4096 (order: 3, 32768 bytes)
[    0.000000] Memory: 997168K/1048120K available (8622K kernel code, 1335K rwdata, 4032K rodata, 1488K init, 1284K bss, 50952K reserved, 0K cma-reserved)
[    0.000000] SLUB: HWalign=64, Order=0-3, MinObjects=0, CPUs=2, Nodes=1
[    0.000000] Kernel/User page tables isolation: enabled
[    0.000000] Hierarchical RCU implementation.
[    0.000000] 	Build-time adjustment of leaf fanout to 64.
[    0.000000] 	RCU restricting CPUs from NR_CPUS=512 to nr_cpu_ids=2.
[    0.000000] RCU: Adjusting geometry for rcu_fanout_leaf=64, nr_cpu_ids=2
[    0.000000] NR_IRQS:33024 nr_irqs:440 16
[    0.000000] Console: colour VGA+ 80x25
[    0.000000] console [tty1] enabled
[    0.000000] console [ttyS0] enabled
[    0.000000] tsc: Detected 2592.002 MHz processor
[   11.098385] Calibrating delay loop (skipped) preset value.. 5184.00 BogoMIPS (lpj=10368008)
[   11.228710] pid_max: default: 32768 minimum: 301
[   11.304328] ACPI: Core revision 20150930
[   11.365464] ACPI: 2 ACPI AML tables successfully acquired and loaded
[   11.422117] Security Framework initialized
[   11.488656] Yama: becoming mindful.
[   11.548190] AppArmor: AppArmor initialized
[   11.588310] Dentry cache hash table entries: 131072 (order: 8, 1048576 bytes)
[   11.738983] Inode-cache hash table entries: 65536 (order: 7, 524288 bytes)
[   11.860995] Mount-cache hash table entries: 2048 (order: 2, 16384 bytes)
[   11.978896] Mountpoint-cache hash table entries: 2048 (order: 2, 16384 bytes)
[   12.096253] Initializing cgroup subsys io
[   12.161973] Initializing cgroup subsys memory
[   12.210548] Initializing cgroup subsys devices
[   12.252207] Initializing cgroup subsys freezer
[   12.254066] Initializing cgroup subsys net_cls
[   12.257882] Initializing cgroup subsys perf_event
[   12.288414] Initializing cgroup subsys net_prio
[   12.311145] Initializing cgroup subsys hugetlb
[   12.352919] Initializing cgroup subsys pids
[   12.378105] mce: CPU supports 0 MCE banks
[   12.386495] Last level iTLB entries: 4KB 64, 2MB 8, 4MB 8
[   12.435459] Last level dTLB entries: 4KB 64, 2MB 0, 4MB 0, 1GB 4
[   12.496947] Spectre V1 : Mitigation: usercopy/swapgs barriers and __user pointer sanitization
[   12.618405] Spectre V2 : Mitigation: Full generic retpoline
[   12.711667] Spectre V2 : Spectre v2 / SpectreRSB mitigation: Filling RSB on context switch
[   12.903559] Speculative Store Bypass: Vulnerable
[   12.962507] MDS: Vulnerable: Clear CPU buffers attempted, no microcode
[   13.096675] Freeing SMP alternatives memory: 36K
[   13.178461] ftrace: allocating 32318 entries in 127 pages
[   13.285802] smpboot: APIC(0) Converting physical 0 to logical package 0
[   13.387129] smpboot: Max logical packages: 1
[   13.395379] x2apic enabled
[   13.459474] Switched APIC routing to physical x2apic.
[   13.538430] ..TIMER: vector=0x30 apic1=0 pin1=2 apic2=-1 pin2=-1
[   13.711541] smpboot: CPU0: Intel(R) Core(TM) i7-6500U CPU @ 2.50GHz (family: 0x6, model: 0x4e, stepping: 0x3)
[   13.856329] Performance Events: unsupported p6 CPU model 78 no PMU driver, software events only.
[   14.025431] KVM setup paravirtual spinlock
[   14.093711] x86: Booting SMP configuration:
[   14.101356] .... node  #0, CPUs:      #1
[   14.117870] kvm-clock: cpu 1, msr 0:3ffe3041, secondary cpu clock
[   14.150231] mce: CPU supports 0 MCE banks
[   14.179727] x86: Booted up 1 node, 2 CPUs
[   14.227247] smpboot: Total of 2 processors activated (10368.00 BogoMIPS)
[   14.315188] devtmpfs: initialized
[   14.364130] evm: security.selinux
[   14.388883] evm: security.SMACK64
[   14.404495] evm: security.SMACK64EXEC
[   14.419230] evm: security.SMACK64TRANSMUTE
[   14.438082] evm: security.SMACK64MMAP
[   14.445775] evm: security.ima
[   14.452530] evm: security.capability
[   14.480574] clocksource: jiffies: mask: 0xffffffff max_cycles: 0xffffffff, max_idle_ns: 7645041785100000 ns
[   14.615302] futex hash table entries: 512 (order: 3, 32768 bytes)
[   14.685411] pinctrl core: initialized pinctrl subsystem
[   14.763386] RTC time: 16:36:18, date: 09/30/19
[   14.793375] NET: Registered protocol family 16
[   14.881365] cpuidle: using governor ladder
[   14.937594] cpuidle: using governor menu
[   14.958390] PCCT header not found.
[   14.974051] ACPI: bus type PCI registered
[   14.992993] acpiphp: ACPI Hot Plug PCI Controller Driver version: 0.5
[   14.998279] PCI: Using configuration type 1 for base access
[   15.034248] ACPI: Added _OSI(Module Device)
[   15.106085] ACPI: Added _OSI(Processor Device)
[   15.114564] ACPI: Added _OSI(3.0 _SCP Extensions)
[   15.122467] ACPI: Added _OSI(Processor Aggregator Device)
[   15.201551] ACPI: Executed 1 blocks of module-level executable AML code
[   15.293904] ACPI: Interpreter enabled
[   15.353624] ACPI: (supports S0 S5)
[   15.388876] ACPI: Using IOAPIC for interrupt routing
[   15.449500] PCI: Using host bridge windows from ACPI; if necessary, use "pci=nocrs" and report a bug
[   15.519732] ACPI: PCI Root Bridge [PCI0] (domain 0000 [bus 00-ff])
[   15.532121] acpi PNP0A03:00: _OSC: OS supports [ASPM ClockPM Segments MSI]
[   15.557099] acpi PNP0A03:00: _OSC failed (AE_NOT_FOUND); disabling ASPM
[   15.570032] acpi PNP0A03:00: fail to add MMCONFIG information, can't access extended PCI configuration space under this bridge.
[   15.737333] PCI host bridge to bus 0000:00
[   15.772440] pci_bus 0000:00: root bus resource [io  0x0000-0x0cf7 window]
[   15.877054] pci_bus 0000:00: root bus resource [io  0x0d00-0xffff window]
[   15.965805] pci_bus 0000:00: root bus resource [mem 0x000a0000-0x000bffff window]
[   16.080338] pci_bus 0000:00: root bus resource [mem 0x40000000-0xffdfffff window]
[   16.235915] pci_bus 0000:00: root bus resource [bus 00-ff]
[   16.263665] pci 0000:00:01.1: legacy IDE quirk: reg 0x10: [io  0x01f0-0x01f7]
[   16.394413] pci 0000:00:01.1: legacy IDE quirk: reg 0x14: [io  0x03f6]
[   16.524068] pci 0000:00:01.1: legacy IDE quirk: reg 0x18: [io  0x0170-0x0177]
[   16.607543] pci 0000:00:01.1: legacy IDE quirk: reg 0x1c: [io  0x0376]
[   16.648211] pci 0000:00:07.0: quirk: [io  0x4000-0x403f] claimed by PIIX4 ACPI
[   16.740238] pci 0000:00:07.0: quirk: [io  0x4100-0x410f] claimed by PIIX4 SMB
[   16.842950] ACPI: PCI Interrupt Link [LNKA] (IRQs 5 9 10 *11)
[   16.900932] ACPI: PCI Interrupt Link [LNKB] (IRQs 5 9 10 *11)
[   16.996440] ACPI: PCI Interrupt Link [LNKC] (IRQs 5 9 *10 11)
[   17.112894] ACPI: PCI Interrupt Link [LNKD] (IRQs 5 *9 10 11)
[   17.192830] ACPI: Enabled 2 GPEs in block 00 to 07
[   17.271796] vgaarb: setting as boot device: PCI:0000:00:02.0
[   17.358853] vgaarb: device added: PCI:0000:00:02.0,decodes=io+mem,owns=io+mem,locks=none
[   17.446768] vgaarb: loaded
[   17.495997] vgaarb: bridge control possible 0000:00:02.0
[   17.560969] SCSI subsystem initialized
[   17.620320] ACPI: bus type USB registered
[   17.699493] usbcore: registered new interface driver usbfs
[   17.733123] usbcore: registered new interface driver hub
[   17.735931] usbcore: registered new device driver usb
[   17.745603] PCI: Using ACPI for IRQ routing
[   17.748216] NetLabel: Initializing
[   17.749720] NetLabel:  domain hash size = 128
[   17.756076] NetLabel:  protocols = UNLABELED CIPSOv4
[   17.785879] NetLabel:  unlabeled traffic allowed by default
[   17.799171] amd_nb: Cannot enumerate AMD northbridges
[   17.808637] clocksource: Switched to clocksource kvm-clock
[   17.903220] AppArmor: AppArmor Filesystem Enabled
[   17.918821] pnp: PnP ACPI init
[   17.950039] pnp: PnP ACPI: found 3 devices
[   18.069049] clocksource: acpi_pm: mask: 0xffffff max_cycles: 0xffffff, max_idle_ns: 2085701024 ns
[   18.199399] NET: Registered protocol family 2
[   18.308696] TCP established hash table entries: 8192 (order: 4, 65536 bytes)
[   18.470420] TCP bind hash table entries: 8192 (order: 5, 131072 bytes)
[   18.583487] TCP: Hash tables configured (established 8192 bind 8192)
[   18.708400] UDP hash table entries: 512 (order: 2, 16384 bytes)
[   18.765051] UDP-Lite hash table entries: 512 (order: 2, 16384 bytes)
[   18.769791] NET: Registered protocol family 1
[   18.773865] pci 0000:00:00.0: Limiting direct PCI/PCI transfers
[   18.793420] pci 0000:00:01.0: Activating ISA DMA hang workarounds
[   18.805326] Unpacking initramfs...
[   19.203155] Freeing initrd memory: 15388K
[   19.226517] clocksource: tsc: mask: 0xffffffffffffffff max_cycles: 0x255cb8d7d74, max_idle_ns: 440795265546 ns
[   19.255116] platform rtc_cmos: registered platform RTC device (no PNP device found)
[   19.361754] Scanning for low memory corruption every 60 seconds
[   19.427225] audit: initializing netlink subsys (disabled)
[   19.481656] audit: type=2000 audit(1569861371.571:1): initialized
[   19.513059] Initialise system trusted keyring
[   19.546063] HugeTLB registered 2 MB page size, pre-allocated 0 pages
[   19.618070] zbud: loaded
[   19.657416] VFS: Disk quotas dquot_6.6.0
[   19.701930] VFS: Dquot-cache hash table entries: 512 (order 0, 4096 bytes)
[   19.712113] squashfs: version 4.0 (2009/01/31) Phillip Lougher
[   19.829538] fuse init (API version 7.23)
[   19.832778] Key type big_key registered
[   19.891333] Allocating IMA MOK and blacklist keyrings.
[   20.010686] Key type asymmetric registered
[   20.039671] Asymmetric key parser 'x509' registered
[   20.075768] Block layer SCSI generic (bsg) driver version 0.4 loaded (major 249)
[   20.168057] io scheduler noop registered
[   20.217167] io scheduler deadline registered (default)
[   20.277983] io scheduler cfq registered
[   20.313019] pci_hotplug: PCI Hot Plug PCI Core version: 0.5
[   20.385156] pciehp: PCI Express Hot Plug Controller Driver version: 0.4
[   20.478186] ACPI: AC Adapter [AC] (on-line)
[   20.554058] input: Power Button as /devices/LNXSYSTM:00/LNXPWRBN:00/input/input0
[   20.662688] ACPI: Power Button [PWRF]
[   20.745251] input: Sleep Button as /devices/LNXSYSTM:00/LNXSLPBN:00/input/input1
[   20.922597] ACPI: Sleep Button [SLPF]
[   21.026721] GHES: HEST is not enabled!
[   21.027467] ACPI: Battery Slot [BAT0] (battery present)
[   21.150863] Serial: 8250/16550 driver, 32 ports, IRQ sharing enabled
[   21.355659] 00:02: ttyS0 at I/O 0x3f8 (irq = 4, base_baud = 115200) is a 16550A
[   21.548940] Linux agpgart interface v0.103
[   21.683028] loop: module loaded
[   21.726310] scsi host0: ata_piix
[   21.782061] scsi host1: ata_piix
[   21.837231] ata1: PATA max UDMA/33 cmd 0x1f0 ctl 0x3f6 bmdma 0xd000 irq 14
[   21.941458] ata2: PATA max UDMA/33 cmd 0x170 ctl 0x376 bmdma 0xd008 irq 15
[   22.049405] libphy: Fixed MDIO Bus: probed
[   22.170471] tun: Universal TUN/TAP device driver, 1.6
[   22.211866] tun: (C) 1999-2004 Max Krasnyansky <maxk@qualcomm.com>
[   22.276678] PPP generic driver version 2.4.2
[   22.375324] ehci_hcd: USB 2.0 'Enhanced' Host Controller (EHCI) Driver
[   22.493429] ehci-pci: EHCI PCI platform driver
[   22.554699] ehci-platform: EHCI generic platform driver
[   22.633994] ohci_hcd: USB 1.1 'Open' Host Controller (OHCI) Driver
[   22.719723] ohci-pci: OHCI PCI platform driver
[   22.741039] ohci-platform: OHCI generic platform driver
[   22.824189] uhci_hcd: USB Universal Host Controller Interface driver
[   22.992331] i8042: PNP: PS/2 Controller [PNP0303:PS2K,PNP0f03:PS2M] at 0x60,0x64 irq 1,12
[   23.185299] serio: i8042 KBD port at 0x60,0x64 irq 1
[   23.306425] serio: i8042 AUX port at 0x60,0x64 irq 12
[   23.378205] mousedev: PS/2 mouse device common for all mice
[   23.482352] input: AT Translated Set 2 keyboard as /devices/platform/i8042/serio0/input/input2
[   23.605722] rtc_cmos rtc_cmos: rtc core: registered rtc_cmos as rtc0
[   23.695835] rtc_cmos rtc_cmos: alarms up to one day, 114 bytes nvram
[   23.789496] i2c /dev entries driver
[   23.862650] device-mapper: uevent: version 1.0.3
[   23.958417] device-mapper: ioctl: 4.34.0-ioctl (2015-10-28) initialised: dm-devel@redhat.com
[   24.115883] ledtrig-cpu: registered to indicate activity on CPUs
[   24.202039] NET: Registered protocol family 10
[   24.277822] NET: Registered protocol family 17
[   24.338839] Key type dns_resolver registered
[   24.387905] registered taskstats version 1
[   24.434532] Loading compiled-in X.509 certificates
[   24.476550] Loaded X.509 cert 'Build time autogenerated kernel key: 24ad63d1d4c33254da6414eafe38a3477ac7de99'
[   24.583825] zswap: loaded using pool lzo/zbud
[   24.651513] Key type trusted registered
[   24.739773] Key type encrypted registered
[   24.804434] AppArmor: AppArmor sha1 policy hashing enabled
[   24.905051] ima: No TPM chip found, activating TPM-bypass!
[   25.019176] ima: Allocated hash algorithm: sha1
[   25.116900] evm: HMAC attrs: 0x1
[   25.147080]   Magic number: 3:552:642
[   25.196956] rtc_cmos rtc_cmos: setting system clock to 2019-09-30 16:36:28 UTC (1569861388)
[   25.332185] BIOS EDD facility v0.16 2004-Jun-25, 0 devices found
[   25.427184] EDD information not available.
[   25.496644] Freeing unused kernel memory: 1488K
[   25.572913] Write protecting the kernel read-only data: 14336k
[   25.631607] Freeing unused kernel memory: 1608K
[   25.763096] Freeing unused kernel memory: 64K
Loading, please [   25.907250] random: systemd-udevd: uninitialized urandom read (16 bytes read, 7 bits of entropy available)
wait...
startin[   25.907885] random: udevadm: uninitialized urandom read (16 bytes read, 7 bits of entropy available)
g version 229
[   25.907907] random: udevadm: uninitialized urandom read (16 bytes read, 7 bits of entropy available)
[   25.919894] random: udevadm: uninitialized urandom read (16 bytes read, 7 bits of entropy available)
[   25.919943] random: udevadm: uninitialized urandom read (16 bytes read, 7 bits of entropy available)
[   25.920121] random: udevadm: uninitialized urandom read (16 bytes read, 7 bits of entropy available)
[   25.920188] random: udevadm: uninitialized urandom read (16 bytes read, 7 bits of entropy available)
[   25.920252] random: udevadm: uninitialized urandom read (16 bytes read, 7 bits of entropy available)
[   25.920382] random: udevadm: uninitialized urandom read (16 bytes read, 7 bits of entropy available)
[   25.920452] random: udevadm: uninitialized urandom read (16 bytes read, 7 bits of entropy available)
[   27.275573] e1000: Intel(R) PRO/1000 Network Driver - version 7.3.21-k8-NAPI
[   27.341728] e1000: Copyright (c) 1999-2006 Intel Corporation.
[   27.356490] Fusion MPT base driver 3.04.20
[   27.393428] Copyright (c) 1999-2008 LSI Corporation
[   27.447848] Fusion MPT SPI Host driver 3.04.20
[   27.497351] AVX version of gcm_enc/dec engaged.
[   27.497351] AES CTR mode by8 optimization enabled
[   27.643470] input: ImExPS/2 Generic Explorer Mouse as /devices/platform/i8042/serio1/input/input4
[   27.949329] e1000 0000:00:03.0 eth0: (PCI:33MHz:32-bit) 02:32:7c:93:db:e1
[   28.070056] e1000 0000:00:03.0 eth0: Intel(R) PRO/1000 Network Connection
[   28.571434] e1000 0000:00:08.0 eth1: (PCI:33MHz:32-bit) 08:00:27:68:95:8f
[   28.641356] e1000 0000:00:08.0 eth1: Intel(R) PRO/1000 Network Connection
[   28.755599] e1000 0000:00:03.0 enp0s3: renamed from eth0
[   28.756921] mptbase: ioc0: Initiating bringup
[   28.881776] e1000 0000:00:08.0 enp0s8: renamed from eth1
[   28.942293] ioc0: LSI53C1030 A0: Capabilities={Initiator}
[   29.207664] scsi host2: ioc0: LSI53C1030 A0, FwRev=00000000h, Ports=1, MaxQ=256, IRQ=20
[   29.550023] scsi 2:0:0:0: Direct-Access     VBOX     HARDDISK         1.0  PQ: 0 ANSI: 5
[   29.727380] scsi target2:0:0: Beginning Domain Validation
[   29.874394] scsi target2:0:0: Domain Validation skipping write tests
[   30.010271] scsi target2:0:0: Ending Domain Validation
[   30.021982] scsi target2:0:0: asynchronous
[   30.028762] scsi 2:0:1:0: Direct-Access     VBOX     HARDDISK         1.0  PQ: 0 ANSI: 5
[   30.035982] scsi target2:0:1: Beginning Domain Validation
[   30.077024] scsi target2:0:1: Domain Validation skipping write tests
[   30.217901] scsi target2:0:1: Ending Domain Validation
[   30.280765] scsi target2:0:1: asynchronous
[   30.376035] sd 2:0:0:0: [sda] 20971520 512-byte logical blocks: (10.7 GB/10.0 GiB)
[   30.376154] sd 2:0:0:0: Attached scsi generic sg0 type 0
[   30.376895] sd 2:0:1:0: Attached scsi generic sg1 type 0
[   30.377161] sd 2:0:1:0: [sdb] 20480 512-byte logical blocks: (10.5 MB/10.0 MiB)
[   30.377330] sd 2:0:1:0: [sdb] Write Protect is off
[   30.377452] sd 2:0:1:0: [sdb] Incomplete mode parameter data
[   30.377454] sd 2:0:1:0: [sdb] Assuming drive cache: write through
[   30.380180] sd 2:0:1:0: [sdb] Attached SCSI disk
[   30.541173] sd 2:0:0:0: [sda] Write Protect is off
[   30.608492] sd 2:0:0:0: [sda] Incomplete mode parameter data
[   30.702897] sd 2:0:0:0: [sda] Assuming drive cache: write through
[   30.760647]  sda: sda1
[   30.803060] sd 2:0:0:0: [sda] Attached SCSI disk
Begin: Loading e[   32.434868] md: linear personality registered for level -1
ssential drivers[   32.570003] md: multipath personality registered for level -4
 ... [   32.595464] md: raid0 personality registered for level 0
[   32.649840] md: raid1 personality registered for level 1
[   32.760704] raid6: sse2x1   gen()  9847 MB/s
[   32.904973] raid6: sse2x1   xor()  7100 MB/s
[   33.032841] raid6: sse2x2   gen() 12358 MB/s
[   33.156786] raid6: sse2x2   xor()  8616 MB/s
[   33.280715] raid6: sse2x4   gen() 13808 MB/s
[   33.409026] raid6: sse2x4   xor()  6221 MB/s
[   33.440201] raid6: using algorithm sse2x4 gen() 13808 MB/s
[   33.505297] raid6: .... xor() 6221 MB/s, rmw enabled
[   33.558939] raid6: using ssse3x2 recovery algorithm
[   33.610148] xor: automatically using best checksumming function:
[   33.708691]    avx       : 26107.000 MB/sec
[   33.764583] async_tx: api initialized (async)
[   33.852880] md: raid6 personality registered for level 6
[   33.940874] md: raid5 personality registered for level 5
[   34.002145] md: raid4 personality registered for level 4
[   34.132852] md: raid10 personality registered for level 10
done.
Begin: Running /scripts/init-premount ...[   34.250357] Btrfs loaded
 done.
Begin: Mounting root file system ... Beg[   34.350294] EXT4-fs (sda1): INFO: recovery required on readonly filesystem
in: Running /scr[   34.462868] EXT4-fs (sda1): write access will be enabled during recovery
ipts/local-top ... done.
Begin: Running /scripts/local-premount ... Scanning for Btrfs filesystems
done.
Warning: fsck not present, so skippi[   34.672892] EXT4-fs (sda1): orphan cleanup on readonly fs
ng root file sys[   34.839700] EXT4-fs (sda1): 6 orphan inodes deleted
tem
[   34.974880] EXT4-fs (sda1): recovery complete
[   35.088405] EXT4-fs (sda1): mounted filesystem with ordered data mode. Opts: (null)
done.
Begin: Running /scripts/local-bottom ... done.
Begin: Running /scripts/init-bottom ... done.
[   35.471276] systemd[1]: systemd 229 running in system mode. (+PAM +AUDIT +SELINUX +IMA +APPARMOR +SMACK +SYSVINIT +UTMP +LIBCRYPTSETUP +GCRYPT +GNUTLS +ACL +XZ -LZ4 +SECCOMP +BLKID +ELFUTILS +KMOD -IDN)
[   35.617962] systemd[1]: Detected virtualization oracle.
[   35.663199] systemd[1]: Detected architecture x86-64.

Welcome to [1mUbuntu 16.04.6 LTS[0m!

[   35.742463] random: nonblocking pool is initialized
[   35.763988] systemd[1]: Set hostname to <ubuntu-xenial>.
[   36.052589] systemd[1]: Listening on Device-mapper event daemon FIFOs.
[[0;32m  OK  [0m] Listening on Device-mapper event daemon FIFOs.
[   36.326529] systemd[1]: Listening on Syslog Socket.
[[0;32m  OK  [0m] Listening on Syslog Socket.
[   36.493095] systemd[1]: Listening on udev Kernel Socket.
[[0;32m  OK  [0m] Listening on udev Kernel Socket.
[   36.666454] systemd[1]: Created slice User and Session Slice.
[[0;32m  OK  [0m] Created slice User and Session Slice.
[   36.813020] systemd[1]: Listening on Journal Socket (/dev/log).
[[0;32m  OK  [0m] Listening on Journal Socket (/dev/log).
[   37.034223] systemd[1]: Listening on LVM2 poll daemon socket.
[[0;32m  OK  [0m] Listening on LVM2 poll daemon socket.
[   37.274112] systemd[1]: Listening on udev Control Socket.
[[0;32m  OK  [0m] Listening on udev Control Socket.
[   37.445865] systemd[1]: Created slice System Slice.
[[0;32m  OK  [0m] Created slice System Slice.
[   37.613519] systemd[1]: Reached target User and Group Name Lookups.
[[0;32m  OK  [0m] Reached target User and Group Name Lookups.
[   37.757947] systemd[1]: Created slice system-serial\x2dgetty.slice.
[[0;32m  OK  [0m] Created slice system-serial\x2dgetty.slice.
[   37.869861] systemd[1]: Set up automount Arbitrary Executable File Formats File System Automount Point.
[[0;32m  OK  [0m] Set up automount Arbitrary Executab...ats File System Automount Point.
[   38.017465] systemd[1]: Started Forward Password Requests to Wall Directory Watch.
[[0;32m  OK  [0m] Started Forward Password Requests to Wall Directory Watch.
[   38.205841] systemd[1]: Reached target Slices.
[[0;32m  OK  [0m] Reached target Slices.
[   38.321817] systemd[1]: Reached target Encrypted Volumes.
[[0;32m  OK  [0m] Reached target Encrypted Volumes.
[   38.482296] systemd[1]: Listening on Journal Audit Socket.
[[0;32m  OK  [0m] Listening on Journal Audit Socket.
[   38.677075] systemd[1]: Started Trigger resolvconf update for networkd DNS.
[[0;32m  OK  [0m] Started Trigger resolvconf update for networkd DNS.
[   38.904954] systemd[1]: Listening on /dev/initctl Compatibility Named Pipe.
[[0;32m  OK  [0m] Listening on /dev/initctl Compatibility Named Pipe.
[   39.085546] systemd[1]: Listening on LVM2 metadata daemon socket.
[[0;32m  OK  [0m] Listening on LVM2 metadata daemon socket.
[   39.333810] systemd[1]: Listening on Journal Socket.
[[0;32m  OK  [0m] Listening on Journal Socket.
[   39.529836] systemd[1]: Starting Remount Root and Kernel File Systems...
         Starting Remount[   39.647212] EXT4-fs (sda1): re-mounted. Opts: (null)
 Root and Kernel File Systems...
[   39.781707] systemd[1]: Starting Set console keymap...
         Starting Set console keymap...
[   39.877327] systemd[1]: Starting Monitoring of LVM2 mirrors, snapshots etc. using dmeventd or progress polling...
         Starting Monitoring of LVM2 mirrors... dmeventd or progress polling...
[   40.165301] systemd[1]: Starting Journal Service...
         Starting Journal Service...
[   40.296829] systemd[1]: Mounting POSIX Message Queue File System...
         Mounting POSIX Message Queue File System...
[   40.497532] systemd[1]: Starting Load Kernel Modules...
         [   40.602185] Loading iSCSI transport class v2.0-870.
Starting Load Ke[   40.701057] iscsi: registered transport (tcp)
rnel Modules...
[   40.792897] systemd[1]: Mounting Debug File System...
         [   40.899350] iscsi: registered transport (iser)
Mounting Debug File System...
[   41.037220] systemd[1]: Starting Create list of required static device nodes for the current kernel...
         Starting Create list of required st... nodes for the current kernel...
[   41.265720] systemd[1]: Mounting Huge Pages File System...
         Mounting Huge Pages File System...
[   41.405172] systemd[1]: Starting Uncomplicated firewall...
         Starting Uncomplicated firewall...
[   41.576898] systemd[1]: Starting Nameserver information manager...
         Starting Nameserver information manager...
[   41.708983] systemd[1]: Reached target System Time Synchronized.
[[0;32m  OK  [0m] Reached target System Time Synchronized.
[   41.849496] systemd[1]: Reached target Swap.
[[0;32m  OK  [0m] Reached target Swap.
[   41.933392] systemd[1]: Mounted Huge Pages File System.
[[0;32m  OK  [0m] Mounted Huge Pages File System.
[   42.049582] systemd[1]: Mounted POSIX Message Queue File System.
[[0;32m  OK  [0m] Mounted POSIX Message Queue File System.
[   42.246285] systemd[1]: Mounted Debug File System.
[[0;32m  OK  [0m] Mounted Debug File System.
[   42.365349] systemd[1]: Started Journal Service.
[[0;32m  OK  [0m] Started Journal Service.
[[0;32m  OK  [0m] Started Remount Root and Kernel File Systems.
[[0;32m  OK  [0m] Started Set console keymap.
[[0;32m  OK  [0m] Started Load Kernel Modules.
[[0;32m  OK  [0m] Started Create list of required sta...ce nodes for the current kernel.
[[0;32m  OK  [0m] Started Uncomplicated firewall.
[[0;32m  OK  [0m] Started Nameserver information manager.
[[0;32m  OK  [0m] Started LVM2 metadata daemon.
         Starting Create Static Device Nodes in /dev...
         Mounting FUSE Control File System...
         Starting Apply Kernel Variables...
         Starting udev Coldplug all Devices...
         Starting Load/Save Random Seed...
         Starting Flush Journal to Persistent Storage...
[[0;32m  OK  [0m] Mounted FUSE Control File System.
[[0;32m  OK  [0m] Started Monitoring of LVM2 mirrors,...ng dmeventd or progress polling.
[[0;32m  OK  [0m] Started Create Static Device Nodes in /dev.
[[0;32m  OK  [0m] Started Apply Kernel Variables.
[[0;32m  OK  [0m] Started Load/Save Random Seed.
[[0;32m  OK  [0m] Started udev Coldplug all Devices.
[[0;32m  OK  [0m] Started Flush Journal to Persistent Storage.
         Starting udev Kernel Device Manager...
[[0;32m  OK  [0m] Reached target Local File Systems (Pre).
[[0;32m  OK  [0m] Reached target Local File Systems.
         Starting Create Volatile Files and Directories...
         Starting Initial cloud-init job (pre-networking)...
         Starting Set console font and keymap...
         Starting LSB: AppArmor initialization...
         Starting Tell Plymouth To Write Out Runtime Data...
[[0;32m  OK  [0m] Started udev Kernel Device Manager.
[[0;32m  OK  [0m] Started Create Volatile Files and Directories.
[[0;32m  OK  [0m] Started Tell Plymouth To Write Out Runtime Data.
[[0;32m  OK  [0m] Found device /dev/ttyS0.
[[0;32m  OK  [0m] Listening on Load/Save RF Kill Switch Status /dev/rfkill Watch.
         Starting Update UTMP about System Boot/Shutdown...
[[0;32m  OK  [0m] Started Dispatch Password Requests to Console Directory Watch.
[[0;32m  OK  [0m] Started Set console font and keymap.
[   29.045865] cloud-init[514]: Cloud-init v. 19.2-24-ge7881d5c-0ubuntu1~16.04.1 running 'init-local' at Mon, 30 Sep 2019 16:36:48 +0000. Up 28.43 seconds.
[[0;32m  OK  [0m] Started LSB: AppArmor initialization.
[[0;32m  OK  [0m] Started Initial cloud-init job (pre-networking).
[[0;32m  OK  [0m] Started Update UTMP about System Boot/Shutdown.
[[0;32m  OK  [0m] Reached target Network (Pre).
         Starting Raise network interfaces...
[[0;32m  OK  [0m] Started ifup for enp0s3.
[[0;32m  OK  [0m] Started ifup for enp0s8.
[[0;32m  OK  [0m] Created slice system-getty.slice.
[[0;32m  OK  [0m] Started Raise network interfaces.
[[0;32m  OK  [0m] Reached target Network.
         Starting Initial cloud-init job (metadata service crawler)...
[   31.294684] cloud-init[1066]: Cloud-init v. 19.2-24-ge7881d5c-0ubuntu1~16.04.1 running 'init' at Mon, 30 Sep 2019 16:36:51 +0000. Up 30.74 seconds.
[   31.465228] cloud-init[1066]: ci-info: ++++++++++++++++++++++++++++++++++++++Net device info+++++++++++++++++++++++++++++++++++++++
[[0;32m  OK  [0m] Started Initial cloud-init job (metadata service crawler).
[[   31.642392] cloud-init[1066]: ci-info: +--------+------+-----------------------------+---------------+--------+-------------------+
[   31.746503] cloud-init[1066]: ci-info: | Device |  Up  |           Address           |      Mask     | Scope  |     Hw-Address    |
[0;32m  OK  [0m] Reached target System Initialization.
[   31.746610] cloud-init[1066]: ci-info: +--------+------+-----------------------------+---------------+--------+-------------------+
[   32.113059] cloud-init[1066]: ci-info: | enp0s3 | True |          10.0.2.15          | 255.255.255.0 | global | 02:32:7c:93:db:e1 |
[[0;32m  OK  [0m] Listening on ACPID Listen Socket.
[   32.113363] cloud-init[1066]: ci-info: | enp0s3 | True |  fe80::32:7cff:fe93:dbe1/64 |       .       |  link  | 02:32:7c:93:db:e1 |
[   32.572960] cloud-init[1066]: ci-info: | enp0s8 | True |        192.168.33.10        | 255.255.255.0 | global | 08:00:27:68:95:8f |
[   32.573888] cloud-init[1066]: ci-info: | enp0s8 | True | fe80::a00:27ff:fe68:958f/64 |       .       |  link  | 08:00:27:68:95:8f |
[[0;32m  OK  [0m] Started ACPI Events Check.
[   32.574567] cloud-init[1066]: ci-info: |   lo   | True |          127.0.0.1          |   255.0.0.0   |  host  |         .         |
[   32.796177] cloud-init[1066]: ci-info: |   lo   | True |           ::1/128           |       .       |  host  |         .         |
[[0;32m  OK  [0m] Reached target Paths.
[   32.798494] cloud-init[1066]: ci-info: +--------+------+-----------------------------+---------------+--------+-------------------+
[   33.317114] cloud-init[1066]: ci-info: ++++++++++++++++++++++++++++Route IPv4 info++++++++++++++++++++++++++++
[   33.317643] cloud-init[1066]: ci-info: +-------+--------------+----------+---------------+-----------+-------+
[[0;32m  OK  [0m] Started Daily apt download activities.
[[   33.317834] cloud-init[1066]: ci-info: | Route | Destination  | Gateway  |    Genmask    | Interface | Flags |
[   33.645746] cloud-init[1066]: ci-info: +-------+--------------+----------+---------------+-----------+-------+
[0;32m  OK  [0m] Started Daily apt upgrade and clean activities.
[   33.646074] cloud-init[1066]: ci-info: |   0   |   0.0.0.0    | 10.0.2.2 |    0.0.0.0    |   enp0s3  |   UG  |
[   33.881646] cloud-init[1066]: ci-info: |   1   |   10.0.2.0   | 0.0.0.0  | 255.255.255.0 |   enp0s3  |   U   |
[[0;32m  OK  [0m] Listening on D-Bus System Message Bus Socket.
[   33.881882] cloud-init[1066]: ci-info: |   2   | 192.168.33.0 | 0.0.0.0  | 255.255.255.0 |   enp0s8  |   U   |
[   34.141293] cloud-init[1066]: ci-info: +-------+--------------+----------+---------------+-----------+-------+
[[0;32m  OK  [0m] Started Daily Cleanup of Temporary Directories.
[   34.141502] cloud-init[1066]: ci-info: +++++++++++++++++++Route IPv6 info+++++++++++++++++++
[   34.377412] cloud-init[1066]: ci-info: +-------+-------------+---------+-----------+-------+
[   34.377654] cloud-init[1066]: ci-info: | Route | Destination | Gateway | Interface | Flags |
[   34.378047] cloud-init[1066]: ci-info: +-------+-------------+---------+-----------+-------+
[   34.378437] cloud-init[1066]: ci-info: |   0   |  fe80::/64  |    ::   |   enp0s3  |   U   |
[   34.379625] cloud-init[1066]: ci-info: |   1   |  fe80::/64  |    ::   |   enp0s8  |   U   |
[[0;32m  OK  [0m] Reached target Timers.
[   34.379791] cloud-init[1066]: ci-info: |   4   |   ff00::/8  |    ::   |   enp0s3  |   U   |
[   34.910232] cloud-init[1066]: ci-info: |   5   |   ff00::/8  |    ::   |   enp0s8  |   U   |
         Starting Socket activation for snappy daemon.
[   34.910597] cloud-init[1066]: ci-info: +-------+-------------+---------+-----------+-------+
         Starting LXD - unix socket.
[[0;32m  OK  [0m] Listening on UUID daemon activation socket.
[[0;32m  OK  [0m] Reached target Network is Online.
         Starting iSCSI initiator daemon (iscsid)...
[[0;32m  OK  [0m] Reached target Cloud-config availability.
[[0;32m  OK  [0m] Listening on Socket activation for snappy daemon.
[[0;32m  OK  [0m] Listening on LXD - unix socket.
[[0;32m  OK  [0m] Reached target Sockets.
[[0;32m  OK  [0m] Reached target Basic System.
         Starting Login Service...
         Starting LSB: Record successful boot for GRUB...
         Starting LXD - container startup/shutdown...
[[0;32m  OK  [0m] Started D-Bus System Message Bus.
[[0;32m  OK  [0m] Started Regular background program processing daemon.
         Starting /etc/rc.local Compatibility...
         Starting LSB: MD monitoring daemon...
         Starting Accounts Service...
[[0;32m  OK  [0m] Started ACPI event daemon.
[[0;32m  OK  [0m] Started Deferred execution scheduler.
         Starting System Logging Service...
         Starting OpenBSD Secure Shell server...
[[0;32m  OK  [0m] Started FUSE filesystem for LXC.
         Starting MySQL Community Server...
         Starting Virtualbox guest utils...
         Starting Snappy daemon...
[[0;32m  OK  [0m] Started System Logging Service.
[[0;32m  OK  [0m] Started iSCSI initiator daemon (iscsid).
[[0;32m  OK  [0m] Started LXD - container startup/shutdown.
[[0;32m  OK  [0m] Started /etc/rc.local Compatibility.
[[0;32m  OK  [0m] Started OpenBSD Secure Shell server.
[[0;32m  OK  [0m] Started Snappy daemon.
[[0;32m  OK  [0m] Started LSB: Record successful boot for GRUB.
[[0;32m  OK  [0m] Started LSB: MD monitoring daemon.
[[0;32m  OK  [0m] Started Login Service.
[[0;32m  OK  [0m] Started Unattended Upgrades Shutdown.
         Starting Authenticate and Authorize Users to Run Privileged Tasks...
         Starting Wait until snapd is fully seeded...
         Starting Login to default iSCSI targets...
[[0;32m  OK  [0m] Started Virtualbox guest utils.
[[0;32m  OK  [0m] Started Wait until snapd is fully seeded.
[[0;32m  OK  [0m] Started Authenticate and Authorize Users to Run Privileged Tasks.
[[0;32m  OK  [0m] Started Accounts Service.
         Starting Apply the settings specified in cloud-config...
[[0;32m  OK  [0m] Started Login to default iSCSI targets.
[[0;32m  OK  [0m] Reached target Remote File Systems (Pre).
[[0;32m  OK  [0m] Reached target Remote File Systems.
         Starting Permit User Sessions...
         Starting LSB: Set the CPU Frequency Scaling governor to "ondemand"...
         Starting LSB: Apache2 web server...
         Starting LSB: daemon to balance interrupts for SMP systems...
         Starting LSB: automatic crash report generation...
[[0;32m  OK  [0m] Started Permit User Sessions.
[[0;32m  OK  [0m] Started LSB: Set the CPU Frequency Scaling governor to "ondemand".
[[0;32m  OK  [0m] Started MySQL Community Server.
[[0;32m  OK  [0m] Started LSB: daemon to balance interrupts for SMP systems.
[[0;32m  OK  [0m] Created slice User Slice of vagrant.
[[0;32m  OK  [0m] Started Session 1 of user vagrant.
         Starting User Manager for UID 1000...
         Starting Terminate Plymouth Boot Screen...
[   39.275500] cloud-init[1309]: Cloud-init v. 19.2-24-ge7881d5c-0ubuntu1~16.04.1 running 'modules:config' at Mon, 30 Sep 2019 16:36:59 +0000. Up 39.00 seconds.
         Starting Hold until boot process finishes up...
[[0;32m  OK  [0m] Started User Manager for UID 1000.
[[0;32m  OK  [0m] Started Apply the settings specified in cloud-config.
[[0;32m  OK  [0m] Started Terminate Plymouth Boot Screen.
[[0;32m  OK  [0m] Started Hold until boot process finishes up.
[[0;32m  OK  [0m] Started LSB: automatic crash report generation.
[[0;32m  OK  [0m] Started Getty on tty1.
         Starting Set console scheme...
[[0;32m  OK  [0m] Started Serial Getty on ttyS0.
[[0;32m  OK  [0m] Reached target Login Prompts.
[[0;32m  OK  [0m] Started Set console scheme.
[[0;32m  OK  [0m] Started LSB: Apache2 web server.
[[0;32m  OK  [0m] Reached target Multi-User System.
         Starting Execute cloud user/final scripts...
[[0;32m  OK  [0m] Reached target Graphical Interface.
         Starting Update UTMP about System Runlevel Changes...
[[0;32m  OK  [0m] Started Update UTMP about System Runlevel Changes.
[   41.659977] cloud-init[1443]: Cloud-init v. 19.2-24-ge7881d5c-0ubuntu1~16.04.1 running 'modules:final' at Mon, 30 Sep 2019 16:37:01 +0000. Up 41.36 seconds.
[[0;32m  OK  [0m] Started Execute cloud user/final scripts.
[   41.781389] cloud-init[1443]: Cloud-init v. 19.2-24-ge7881d5c-0ubuntu1~16.04.1 finished at Mon, 30 Sep 2019 16:37:02 +0000. Datasource DataSourceNoCloud [seed=/dev/sdb][dsmode=net].  Up 41.64 seconds
         Starting Daily apt download activities...
[[0;32m  OK  [0m] Reached target Cloud-init target.

Ubuntu 16.04.6 LTS ubuntu-xenial ttyS0

ubuntu-xenial login: 